[ 2018-01-17T00:06:19+08:00 ] 127.0.0.1 127.0.0.1 GET /home/cases/index/type/2.html
[ log ] zd.me/home/cases/index/type/2.html [运行时间：0.114768s][吞吐率：8.71req/s] [内存消耗：1,447.57kb] [文件加载：44]
[ info ] [ ROUTE ] array (
  'type' => 'module',
  'module' => 
  array (
    0 => 'home',
    1 => 'cases',
    2 => 'index',
  ),
)
[ info ] [ HEADER ] array (
  'cache-control' => 'max-age=0',
  'upgrade-insecure-requests' => '1',
  'connection' => 'close',
  'referer' => 'http://zd.me/home/cases/index.html',
  'accept-encoding' => 'gzip, deflate',
  'accept-language' => 'zh-CN,zh;q=0.8,zh-TW;q=0.7,zh-HK;q=0.5,en-US;q=0.3,en;q=0.2',
  'accept' => 'text/html,application/xhtml+xml,application/xml;q=0.9,*/*;q=0.8',
  'user-agent' => 'Mozilla/5.0 (Windows NT 10.0; Win64; x64; rv:57.0) Gecko/20100101 Firefox/57.0',
  'host' => 'zd.me',
)
[ info ] [ PARAM ] array (
  'type' => '2',
)
[ info ] [ DB ] INIT mysql
[ info ] [ RUN ] Method [ <user> public method index ] {
  @@ E:\PHP\project\zd\application\home\controller\Cases.php 20 - 41
}

[ info ] [ LANG ] E:\PHP\project\zd\thinkphp\lang\zh-cn.php
[ info ] [ LANG ] E:\PHP\project\zd\thinkphp\lang\zh-cn.php
[ info ] [ LOG ] INIT File
[ sql ] [ DB ] CONNECT:[ UseTime:0.002181s ] mysql:dbname=zd;host=127.0.0.1;port=3306;charset=utf8
[ sql ] [ SQL ] SHOW COLUMNS FROM `img` [ RunTime:0.051380s ]
[ sql ] [ SQL ] SELECT * FROM `img` WHERE  `img_type` = 1 ORDER BY orderby asc   [ RunTime:0.000440s ]
[ sql ] [ SQL ] SHOW COLUMNS FROM `articles` [ RunTime:0.031513s ]
[ sql ] [ SQL ] SELECT * FROM articles a LEFT JOIN article_img i ON a.article_imgID = i.article_imgID  WHERE  a.type = '2' ORDER BY a.orderby asc  [ RunTime:0.000713s ]
[ error ] [0]致命错误: Call to undefined function app\home\controller\substring()[E:\PHP\project\zd\application\home\controller\Cases.php:34]

---------------------------------------------------------------
[ 2018-01-17T00:06:42+08:00 ] 127.0.0.1 127.0.0.1 GET /home/cases/index/type/2.html
[ log ] zd.me/home/cases/index/type/2.html [运行时间：0.104784s][吞吐率：9.54req/s] [内存消耗：1,444.05kb] [文件加载：40]
[ info ] [ ROUTE ] array (
  'type' => 'module',
  'module' => 
  array (
    0 => 'home',
    1 => 'cases',
    2 => 'index',
  ),
)
[ info ] [ HEADER ] array (
  'cache-control' => 'max-age=0',
  'upgrade-insecure-requests' => '1',
  'connection' => 'close',
  'cookie' => 'think_var=zh-cn',
  'referer' => 'http://zd.me/home/cases/index.html',
  'accept-encoding' => 'gzip, deflate',
  'accept-language' => 'zh-CN,zh;q=0.8,zh-TW;q=0.7,zh-HK;q=0.5,en-US;q=0.3,en;q=0.2',
  'accept' => 'text/html,application/xhtml+xml,application/xml;q=0.9,*/*;q=0.8',
  'user-agent' => 'Mozilla/5.0 (Windows NT 10.0; Win64; x64; rv:57.0) Gecko/20100101 Firefox/57.0',
  'host' => 'zd.me',
)
[ info ] [ PARAM ] array (
  'type' => '2',
)
[ info ] [ DB ] INIT mysql
[ info ] [ RUN ] Method [ <user> public method index ] {
  @@ E:\PHP\project\zd\application\home\controller\Cases.php 20 - 41
}

[ info ] [ VIEW ] E:\PHP\project\zd\public/../application/home\view\cases\index.html [ array (
  0 => 'img1',
  1 => 'img2',
  2 => 'img3',
  3 => 'type',
  4 => 'list',
  5 => 'typeArr',
) ]
[ info ] [ LOG ] INIT File
[ sql ] [ DB ] CONNECT:[ UseTime:0.001068s ] mysql:dbname=zd;host=127.0.0.1;port=3306;charset=utf8
[ sql ] [ SQL ] SHOW COLUMNS FROM `img` [ RunTime:0.034740s ]
[ sql ] [ SQL ] SELECT * FROM `img` WHERE  `img_type` = 1 ORDER BY orderby asc   [ RunTime:0.000543s ]
[ sql ] [ SQL ] SHOW COLUMNS FROM `articles` [ RunTime:0.039531s ]
[ sql ] [ SQL ] SELECT * FROM articles a LEFT JOIN article_img i ON a.article_imgID = i.article_imgID  WHERE  a.type = '2' ORDER BY a.orderby asc  [ RunTime:0.000670s ]
[ sql ] [ SQL ] SELECT * FROM `articles` WHERE  `articlesID` < 9   [ RunTime:0.000500s ]

---------------------------------------------------------------
[ 2018-01-17T00:06:42+08:00 ] 127.0.0.1 127.0.0.1 GET /static/index/fonts/glyphicons-halflings-regular.woff2
[ log ] zd.me/static/index/fonts/glyphicons-halflings-regular.woff2 [运行时间：0.021680s][吞吐率：46.13req/s] [内存消耗：680.15kb] [文件加载：27]
[ info ] [ ROUTE ] array (
  'type' => 'module',
  'module' => 
  array (
    0 => 'static',
    1 => 'index',
    2 => 'fonts',
  ),
)
[ info ] [ HEADER ] array (
  'cache-control' => 'max-age=0',
  'connection' => 'close',
  'cookie' => 'think_var=zh-cn',
  'referer' => 'http://zd.me/static/index/css/metinfo.css',
  'accept-encoding' => 'identity',
  'accept-language' => 'zh-CN,zh;q=0.8,zh-TW;q=0.7,zh-HK;q=0.5,en-US;q=0.3,en;q=0.2',
  'accept' => 'application/font-woff2;q=1.0,application/font-woff;q=0.9,*/*;q=0.8',
  'user-agent' => 'Mozilla/5.0 (Windows NT 10.0; Win64; x64; rv:57.0) Gecko/20100101 Firefox/57.0',
  'host' => 'zd.me',
)
[ info ] [ PARAM ] array (
)
[ info ] [ LANG ] E:\PHP\project\zd\thinkphp\lang\zh-cn.php
[ info ] [ LOG ] INIT File

---------------------------------------------------------------
[ 2018-01-17T00:06:42+08:00 ] 127.0.0.1 127.0.0.1 GET /static/index/fonts/glyphicons-halflings-regular.woff
[ log ] zd.me/static/index/fonts/glyphicons-halflings-regular.woff [运行时间：0.020202s][吞吐率：49.50req/s] [内存消耗：680.15kb] [文件加载：27]
[ info ] [ ROUTE ] array (
  'type' => 'module',
  'module' => 
  array (
    0 => 'static',
    1 => 'index',
    2 => 'fonts',
  ),
)
[ info ] [ HEADER ] array (
  'cache-control' => 'max-age=0',
  'connection' => 'close',
  'cookie' => 'think_var=zh-cn',
  'referer' => 'http://zd.me/static/index/css/metinfo.css',
  'accept-encoding' => 'identity',
  'accept-language' => 'zh-CN,zh;q=0.8,zh-TW;q=0.7,zh-HK;q=0.5,en-US;q=0.3,en;q=0.2',
  'accept' => 'application/font-woff2;q=1.0,application/font-woff;q=0.9,*/*;q=0.8',
  'user-agent' => 'Mozilla/5.0 (Windows NT 10.0; Win64; x64; rv:57.0) Gecko/20100101 Firefox/57.0',
  'host' => 'zd.me',
)
[ info ] [ PARAM ] array (
)
[ info ] [ LANG ] E:\PHP\project\zd\thinkphp\lang\zh-cn.php
[ info ] [ LOG ] INIT File

---------------------------------------------------------------
[ 2018-01-17T00:06:45+08:00 ] 127.0.0.1 127.0.0.1 GET /home/cases/index/type/2.html
[ log ] zd.me/home/cases/index/type/2.html [运行时间：0.096282s][吞吐率：10.39req/s] [内存消耗：1,444.05kb] [文件加载：40]
[ info ] [ ROUTE ] array (
  'type' => 'module',
  'module' => 
  array (
    0 => 'home',
    1 => 'cases',
    2 => 'index',
  ),
)
[ info ] [ HEADER ] array (
  'cache-control' => 'max-age=0',
  'upgrade-insecure-requests' => '1',
  'connection' => 'close',
  'cookie' => 'think_var=zh-cn',
  'referer' => 'http://zd.me/home/cases/index.html',
  'accept-encoding' => 'gzip, deflate',
  'accept-language' => 'zh-CN,zh;q=0.8,zh-TW;q=0.7,zh-HK;q=0.5,en-US;q=0.3,en;q=0.2',
  'accept' => 'text/html,application/xhtml+xml,application/xml;q=0.9,*/*;q=0.8',
  'user-agent' => 'Mozilla/5.0 (Windows NT 10.0; Win64; x64; rv:57.0) Gecko/20100101 Firefox/57.0',
  'host' => 'zd.me',
)
[ info ] [ PARAM ] array (
  'type' => '2',
)
[ info ] [ DB ] INIT mysql
[ info ] [ RUN ] Method [ <user> public method index ] {
  @@ E:\PHP\project\zd\application\home\controller\Cases.php 20 - 41
}

[ info ] [ VIEW ] E:\PHP\project\zd\public/../application/home\view\cases\index.html [ array (
  0 => 'img1',
  1 => 'img2',
  2 => 'img3',
  3 => 'type',
  4 => 'list',
  5 => 'typeArr',
) ]
[ info ] [ LOG ] INIT File
[ sql ] [ DB ] CONNECT:[ UseTime:0.000926s ] mysql:dbname=zd;host=127.0.0.1;port=3306;charset=utf8
[ sql ] [ SQL ] SHOW COLUMNS FROM `img` [ RunTime:0.042714s ]
[ sql ] [ SQL ] SELECT * FROM `img` WHERE  `img_type` = 1 ORDER BY orderby asc   [ RunTime:0.000511s ]
[ sql ] [ SQL ] SHOW COLUMNS FROM `articles` [ RunTime:0.030596s ]
[ sql ] [ SQL ] SELECT * FROM articles a LEFT JOIN article_img i ON a.article_imgID = i.article_imgID  WHERE  a.type = '2' ORDER BY a.orderby asc  [ RunTime:0.000582s ]
[ sql ] [ SQL ] SELECT * FROM `articles` WHERE  `articlesID` < 9   [ RunTime:0.000480s ]

---------------------------------------------------------------
[ 2018-01-17T00:06:45+08:00 ] 127.0.0.1 127.0.0.1 GET /static/index/fonts/glyphicons-halflings-regular.woff2
[ log ] zd.me/static/index/fonts/glyphicons-halflings-regular.woff2 [运行时间：0.017938s][吞吐率：55.75req/s] [内存消耗：680.15kb] [文件加载：27]
[ info ] [ ROUTE ] array (
  'type' => 'module',
  'module' => 
  array (
    0 => 'static',
    1 => 'index',
    2 => 'fonts',
  ),
)
[ info ] [ HEADER ] array (
  'cache-control' => 'max-age=0',
  'connection' => 'close',
  'cookie' => 'think_var=zh-cn',
  'referer' => 'http://zd.me/static/index/css/metinfo.css',
  'accept-encoding' => 'identity',
  'accept-language' => 'zh-CN,zh;q=0.8,zh-TW;q=0.7,zh-HK;q=0.5,en-US;q=0.3,en;q=0.2',
  'accept' => 'application/font-woff2;q=1.0,application/font-woff;q=0.9,*/*;q=0.8',
  'user-agent' => 'Mozilla/5.0 (Windows NT 10.0; Win64; x64; rv:57.0) Gecko/20100101 Firefox/57.0',
  'host' => 'zd.me',
)
[ info ] [ PARAM ] array (
)
[ info ] [ LANG ] E:\PHP\project\zd\thinkphp\lang\zh-cn.php
[ info ] [ LOG ] INIT File

---------------------------------------------------------------
[ 2018-01-17T00:06:45+08:00 ] 127.0.0.1 127.0.0.1 GET /static/index/fonts/glyphicons-halflings-regular.woff
[ log ] zd.me/static/index/fonts/glyphicons-halflings-regular.woff [运行时间：0.016512s][吞吐率：60.56req/s] [内存消耗：680.15kb] [文件加载：27]
[ info ] [ ROUTE ] array (
  'type' => 'module',
  'module' => 
  array (
    0 => 'static',
    1 => 'index',
    2 => 'fonts',
  ),
)
[ info ] [ HEADER ] array (
  'cache-control' => 'max-age=0',
  'connection' => 'close',
  'cookie' => 'think_var=zh-cn',
  'referer' => 'http://zd.me/static/index/css/metinfo.css',
  'accept-encoding' => 'identity',
  'accept-language' => 'zh-CN,zh;q=0.8,zh-TW;q=0.7,zh-HK;q=0.5,en-US;q=0.3,en;q=0.2',
  'accept' => 'application/font-woff2;q=1.0,application/font-woff;q=0.9,*/*;q=0.8',
  'user-agent' => 'Mozilla/5.0 (Windows NT 10.0; Win64; x64; rv:57.0) Gecko/20100101 Firefox/57.0',
  'host' => 'zd.me',
)
[ info ] [ PARAM ] array (
)
[ info ] [ LANG ] E:\PHP\project\zd\thinkphp\lang\zh-cn.php
[ info ] [ LOG ] INIT File

---------------------------------------------------------------
[ 2018-01-17T00:07:20+08:00 ] 127.0.0.1 127.0.0.1 GET /home/cases/index/type/2.html
[ log ] zd.me/home/cases/index/type/2.html [运行时间：0.126066s][吞吐率：7.93req/s] [内存消耗：1,358.62kb] [文件加载：37]
[ info ] [ ROUTE ] array (
  'type' => 'module',
  'module' => 
  array (
    0 => 'home',
    1 => 'cases',
    2 => 'index',
  ),
)
[ info ] [ HEADER ] array (
  'cache-control' => 'max-age=0',
  'upgrade-insecure-requests' => '1',
  'connection' => 'close',
  'cookie' => 'think_var=zh-cn',
  'referer' => 'http://zd.me/home/cases/index.html',
  'accept-encoding' => 'gzip, deflate',
  'accept-language' => 'zh-CN,zh;q=0.8,zh-TW;q=0.7,zh-HK;q=0.5,en-US;q=0.3,en;q=0.2',
  'accept' => 'text/html,application/xhtml+xml,application/xml;q=0.9,*/*;q=0.8',
  'user-agent' => 'Mozilla/5.0 (Windows NT 10.0; Win64; x64; rv:57.0) Gecko/20100101 Firefox/57.0',
  'host' => 'zd.me',
)
[ info ] [ PARAM ] array (
  'type' => '2',
)
[ info ] [ DB ] INIT mysql
[ info ] [ RUN ] Method [ <user> public method index ] {
  @@ E:\PHP\project\zd\application\home\controller\Cases.php 20 - 42
}

[ info ] [ LOG ] INIT File
[ sql ] [ DB ] CONNECT:[ UseTime:0.000980s ] mysql:dbname=zd;host=127.0.0.1;port=3306;charset=utf8
[ sql ] [ SQL ] SHOW COLUMNS FROM `img` [ RunTime:0.052211s ]
[ sql ] [ SQL ] SELECT * FROM `img` WHERE  `img_type` = 1 ORDER BY orderby asc   [ RunTime:0.000418s ]
[ sql ] [ SQL ] SHOW COLUMNS FROM `articles` [ RunTime:0.046041s ]
[ sql ] [ SQL ] SELECT * FROM articles a LEFT JOIN article_img i ON a.article_imgID = i.article_imgID  WHERE  a.type = '2' ORDER BY a.orderby asc  [ RunTime:0.001306s ]

---------------------------------------------------------------
[ 2018-01-17T00:07:49+08:00 ] 127.0.0.1 127.0.0.1 GET /home/cases/index/type/2.html
[ log ] zd.me/home/cases/index/type/2.html [运行时间：0.101207s][吞吐率：9.88req/s] [内存消耗：1,359.38kb] [文件加载：37]
[ info ] [ ROUTE ] array (
  'type' => 'module',
  'module' => 
  array (
    0 => 'home',
    1 => 'cases',
    2 => 'index',
  ),
)
[ info ] [ HEADER ] array (
  'cache-control' => 'max-age=0',
  'upgrade-insecure-requests' => '1',
  'connection' => 'close',
  'cookie' => 'think_var=zh-cn',
  'referer' => 'http://zd.me/home/cases/index.html',
  'accept-encoding' => 'gzip, deflate',
  'accept-language' => 'zh-CN,zh;q=0.8,zh-TW;q=0.7,zh-HK;q=0.5,en-US;q=0.3,en;q=0.2',
  'accept' => 'text/html,application/xhtml+xml,application/xml;q=0.9,*/*;q=0.8',
  'user-agent' => 'Mozilla/5.0 (Windows NT 10.0; Win64; x64; rv:57.0) Gecko/20100101 Firefox/57.0',
  'host' => 'zd.me',
)
[ info ] [ PARAM ] array (
  'type' => '2',
)
[ info ] [ DB ] INIT mysql
[ info ] [ RUN ] Method [ <user> public method index ] {
  @@ E:\PHP\project\zd\application\home\controller\Cases.php 20 - 43
}

[ info ] [ LOG ] INIT File
[ sql ] [ DB ] CONNECT:[ UseTime:0.003602s ] mysql:dbname=zd;host=127.0.0.1;port=3306;charset=utf8
[ sql ] [ SQL ] SHOW COLUMNS FROM `img` [ RunTime:0.041001s ]
[ sql ] [ SQL ] SELECT * FROM `img` WHERE  `img_type` = 1 ORDER BY orderby asc   [ RunTime:0.000448s ]
[ sql ] [ SQL ] SHOW COLUMNS FROM `articles` [ RunTime:0.034083s ]
[ sql ] [ SQL ] SELECT * FROM articles a LEFT JOIN article_img i ON a.article_imgID = i.article_imgID  WHERE  a.type = '2' ORDER BY a.orderby asc  [ RunTime:0.000560s ]

---------------------------------------------------------------
[ 2018-01-17T00:10:13+08:00 ] 127.0.0.1 127.0.0.1 GET /home/cases/index/type/2.html
[ log ] zd.me/home/cases/index/type/2.html [运行时间：0.108918s][吞吐率：9.18req/s] [内存消耗：1,359.38kb] [文件加载：37]
[ info ] [ ROUTE ] array (
  'type' => 'module',
  'module' => 
  array (
    0 => 'home',
    1 => 'cases',
    2 => 'index',
  ),
)
[ info ] [ HEADER ] array (
  'cache-control' => 'max-age=0',
  'upgrade-insecure-requests' => '1',
  'connection' => 'close',
  'cookie' => 'think_var=zh-cn',
  'referer' => 'http://zd.me/home/cases/index.html',
  'accept-encoding' => 'gzip, deflate',
  'accept-language' => 'zh-CN,zh;q=0.8,zh-TW;q=0.7,zh-HK;q=0.5,en-US;q=0.3,en;q=0.2',
  'accept' => 'text/html,application/xhtml+xml,application/xml;q=0.9,*/*;q=0.8',
  'user-agent' => 'Mozilla/5.0 (Windows NT 10.0; Win64; x64; rv:57.0) Gecko/20100101 Firefox/57.0',
  'host' => 'zd.me',
)
[ info ] [ PARAM ] array (
  'type' => '2',
)
[ info ] [ DB ] INIT mysql
[ info ] [ RUN ] Method [ <user> public method index ] {
  @@ E:\PHP\project\zd\application\home\controller\Cases.php 20 - 43
}

[ info ] [ LOG ] INIT File
[ sql ] [ DB ] CONNECT:[ UseTime:0.001059s ] mysql:dbname=zd;host=127.0.0.1;port=3306;charset=utf8
[ sql ] [ SQL ] SHOW COLUMNS FROM `img` [ RunTime:0.041721s ]
[ sql ] [ SQL ] SELECT * FROM `img` WHERE  `img_type` = 1 ORDER BY orderby asc   [ RunTime:0.001725s ]
[ sql ] [ SQL ] SHOW COLUMNS FROM `articles` [ RunTime:0.040753s ]
[ sql ] [ SQL ] SELECT * FROM articles a LEFT JOIN article_img i ON a.article_imgID = i.article_imgID  WHERE  a.type = '2' ORDER BY a.orderby asc  [ RunTime:0.000561s ]

---------------------------------------------------------------
[ 2018-01-17T00:10:35+08:00 ] 127.0.0.1 127.0.0.1 GET /home/cases/index/type/2.html
[ log ] zd.me/home/cases/index/type/2.html [运行时间：0.102409s][吞吐率：9.76req/s] [内存消耗：1,443.66kb] [文件加载：40]
[ info ] [ ROUTE ] array (
  'type' => 'module',
  'module' => 
  array (
    0 => 'home',
    1 => 'cases',
    2 => 'index',
  ),
)
[ info ] [ HEADER ] array (
  'cache-control' => 'max-age=0',
  'upgrade-insecure-requests' => '1',
  'connection' => 'close',
  'cookie' => 'think_var=zh-cn',
  'referer' => 'http://zd.me/home/cases/index.html',
  'accept-encoding' => 'gzip, deflate',
  'accept-language' => 'zh-CN,zh;q=0.8,zh-TW;q=0.7,zh-HK;q=0.5,en-US;q=0.3,en;q=0.2',
  'accept' => 'text/html,application/xhtml+xml,application/xml;q=0.9,*/*;q=0.8',
  'user-agent' => 'Mozilla/5.0 (Windows NT 10.0; Win64; x64; rv:57.0) Gecko/20100101 Firefox/57.0',
  'host' => 'zd.me',
)
[ info ] [ PARAM ] array (
  'type' => '2',
)
[ info ] [ DB ] INIT mysql
[ info ] [ RUN ] Method [ <user> public method index ] {
  @@ E:\PHP\project\zd\application\home\controller\Cases.php 20 - 41
}

[ info ] [ VIEW ] E:\PHP\project\zd\public/../application/home\view\cases\index.html [ array (
  0 => 'img1',
  1 => 'img2',
  2 => 'img3',
  3 => 'type',
  4 => 'list',
  5 => 'typeArr',
) ]
[ info ] [ LOG ] INIT File
[ sql ] [ DB ] CONNECT:[ UseTime:0.000956s ] mysql:dbname=zd;host=127.0.0.1;port=3306;charset=utf8
[ sql ] [ SQL ] SHOW COLUMNS FROM `img` [ RunTime:0.038794s ]
[ sql ] [ SQL ] SELECT * FROM `img` WHERE  `img_type` = 1 ORDER BY orderby asc   [ RunTime:0.001240s ]
[ sql ] [ SQL ] SHOW COLUMNS FROM `articles` [ RunTime:0.034445s ]
[ sql ] [ SQL ] SELECT * FROM articles a LEFT JOIN article_img i ON a.article_imgID = i.article_imgID  WHERE  a.type = '2' ORDER BY a.orderby asc  [ RunTime:0.000477s ]
[ sql ] [ SQL ] SELECT * FROM `articles` WHERE  `articlesID` < 9   [ RunTime:0.000308s ]

---------------------------------------------------------------
[ 2018-01-17T00:10:35+08:00 ] 127.0.0.1 127.0.0.1 GET /static/index/fonts/glyphicons-halflings-regular.woff2
[ log ] zd.me/static/index/fonts/glyphicons-halflings-regular.woff2 [运行时间：0.018635s][吞吐率：53.66req/s] [内存消耗：680.15kb] [文件加载：27]
[ info ] [ ROUTE ] array (
  'type' => 'module',
  'module' => 
  array (
    0 => 'static',
    1 => 'index',
    2 => 'fonts',
  ),
)
[ info ] [ HEADER ] array (
  'cache-control' => 'max-age=0',
  'connection' => 'close',
  'cookie' => 'think_var=zh-cn',
  'referer' => 'http://zd.me/static/index/css/metinfo.css',
  'accept-encoding' => 'identity',
  'accept-language' => 'zh-CN,zh;q=0.8,zh-TW;q=0.7,zh-HK;q=0.5,en-US;q=0.3,en;q=0.2',
  'accept' => 'application/font-woff2;q=1.0,application/font-woff;q=0.9,*/*;q=0.8',
  'user-agent' => 'Mozilla/5.0 (Windows NT 10.0; Win64; x64; rv:57.0) Gecko/20100101 Firefox/57.0',
  'host' => 'zd.me',
)
[ info ] [ PARAM ] array (
)
[ info ] [ LANG ] E:\PHP\project\zd\thinkphp\lang\zh-cn.php
[ info ] [ LOG ] INIT File

---------------------------------------------------------------
[ 2018-01-17T00:10:35+08:00 ] 127.0.0.1 127.0.0.1 GET /static/index/fonts/glyphicons-halflings-regular.woff
[ log ] zd.me/static/index/fonts/glyphicons-halflings-regular.woff [运行时间：0.011172s][吞吐率：89.51req/s] [内存消耗：680.15kb] [文件加载：27]
[ info ] [ ROUTE ] array (
  'type' => 'module',
  'module' => 
  array (
    0 => 'static',
    1 => 'index',
    2 => 'fonts',
  ),
)
[ info ] [ HEADER ] array (
  'cache-control' => 'max-age=0',
  'connection' => 'close',
  'cookie' => 'think_var=zh-cn',
  'referer' => 'http://zd.me/static/index/css/metinfo.css',
  'accept-encoding' => 'identity',
  'accept-language' => 'zh-CN,zh;q=0.8,zh-TW;q=0.7,zh-HK;q=0.5,en-US;q=0.3,en;q=0.2',
  'accept' => 'application/font-woff2;q=1.0,application/font-woff;q=0.9,*/*;q=0.8',
  'user-agent' => 'Mozilla/5.0 (Windows NT 10.0; Win64; x64; rv:57.0) Gecko/20100101 Firefox/57.0',
  'host' => 'zd.me',
)
[ info ] [ PARAM ] array (
)
[ info ] [ LANG ] E:\PHP\project\zd\thinkphp\lang\zh-cn.php
[ info ] [ LOG ] INIT File

---------------------------------------------------------------
[ 2018-01-17T00:10:50+08:00 ] 127.0.0.1 127.0.0.1 GET /home/cases/index/type/2.html
[ log ] zd.me/home/cases/index/type/2.html [运行时间：0.109158s][吞吐率：9.16req/s] [内存消耗：1,443.70kb] [文件加载：40]
[ info ] [ ROUTE ] array (
  'type' => 'module',
  'module' => 
  array (
    0 => 'home',
    1 => 'cases',
    2 => 'index',
  ),
)
[ info ] [ HEADER ] array (
  'cache-control' => 'max-age=0',
  'upgrade-insecure-requests' => '1',
  'connection' => 'close',
  'cookie' => 'think_var=zh-cn',
  'referer' => 'http://zd.me/home/cases/index.html',
  'accept-encoding' => 'gzip, deflate',
  'accept-language' => 'zh-CN,zh;q=0.8,zh-TW;q=0.7,zh-HK;q=0.5,en-US;q=0.3,en;q=0.2',
  'accept' => 'text/html,application/xhtml+xml,application/xml;q=0.9,*/*;q=0.8',
  'user-agent' => 'Mozilla/5.0 (Windows NT 10.0; Win64; x64; rv:57.0) Gecko/20100101 Firefox/57.0',
  'host' => 'zd.me',
)
[ info ] [ PARAM ] array (
  'type' => '2',
)
[ info ] [ DB ] INIT mysql
[ info ] [ RUN ] Method [ <user> public method index ] {
  @@ E:\PHP\project\zd\application\home\controller\Cases.php 20 - 41
}

[ info ] [ VIEW ] E:\PHP\project\zd\public/../application/home\view\cases\index.html [ array (
  0 => 'img1',
  1 => 'img2',
  2 => 'img3',
  3 => 'type',
  4 => 'list',
  5 => 'typeArr',
) ]
[ info ] [ LOG ] INIT File
[ sql ] [ DB ] CONNECT:[ UseTime:0.000963s ] mysql:dbname=zd;host=127.0.0.1;port=3306;charset=utf8
[ sql ] [ SQL ] SHOW COLUMNS FROM `img` [ RunTime:0.044313s ]
[ sql ] [ SQL ] SELECT * FROM `img` WHERE  `img_type` = 1 ORDER BY orderby asc   [ RunTime:0.000350s ]
[ sql ] [ SQL ] SHOW COLUMNS FROM `articles` [ RunTime:0.033825s ]
[ sql ] [ SQL ] SELECT * FROM articles a LEFT JOIN article_img i ON a.article_imgID = i.article_imgID  WHERE  a.type = '2' ORDER BY a.orderby asc  [ RunTime:0.000559s ]
[ sql ] [ SQL ] SELECT * FROM `articles` WHERE  `articlesID` < 9   [ RunTime:0.000374s ]

---------------------------------------------------------------
[ 2018-01-17T00:10:50+08:00 ] 127.0.0.1 127.0.0.1 GET /static/index/fonts/glyphicons-halflings-regular.woff2
[ log ] zd.me/static/index/fonts/glyphicons-halflings-regular.woff2 [运行时间：0.022255s][吞吐率：44.93req/s] [内存消耗：680.15kb] [文件加载：27]
[ info ] [ ROUTE ] array (
  'type' => 'module',
  'module' => 
  array (
    0 => 'static',
    1 => 'index',
    2 => 'fonts',
  ),
)
[ info ] [ HEADER ] array (
  'cache-control' => 'max-age=0',
  'connection' => 'close',
  'cookie' => 'think_var=zh-cn',
  'referer' => 'http://zd.me/static/index/css/metinfo.css',
  'accept-encoding' => 'identity',
  'accept-language' => 'zh-CN,zh;q=0.8,zh-TW;q=0.7,zh-HK;q=0.5,en-US;q=0.3,en;q=0.2',
  'accept' => 'application/font-woff2;q=1.0,application/font-woff;q=0.9,*/*;q=0.8',
  'user-agent' => 'Mozilla/5.0 (Windows NT 10.0; Win64; x64; rv:57.0) Gecko/20100101 Firefox/57.0',
  'host' => 'zd.me',
)
[ info ] [ PARAM ] array (
)
[ info ] [ LANG ] E:\PHP\project\zd\thinkphp\lang\zh-cn.php
[ info ] [ LOG ] INIT File

---------------------------------------------------------------
[ 2018-01-17T00:10:50+08:00 ] 127.0.0.1 127.0.0.1 GET /static/index/fonts/glyphicons-halflings-regular.woff
[ log ] zd.me/static/index/fonts/glyphicons-halflings-regular.woff [运行时间：0.016608s][吞吐率：60.21req/s] [内存消耗：680.15kb] [文件加载：27]
[ info ] [ ROUTE ] array (
  'type' => 'module',
  'module' => 
  array (
    0 => 'static',
    1 => 'index',
    2 => 'fonts',
  ),
)
[ info ] [ HEADER ] array (
  'cache-control' => 'max-age=0',
  'connection' => 'close',
  'cookie' => 'think_var=zh-cn',
  'referer' => 'http://zd.me/static/index/css/metinfo.css',
  'accept-encoding' => 'identity',
  'accept-language' => 'zh-CN,zh;q=0.8,zh-TW;q=0.7,zh-HK;q=0.5,en-US;q=0.3,en;q=0.2',
  'accept' => 'application/font-woff2;q=1.0,application/font-woff;q=0.9,*/*;q=0.8',
  'user-agent' => 'Mozilla/5.0 (Windows NT 10.0; Win64; x64; rv:57.0) Gecko/20100101 Firefox/57.0',
  'host' => 'zd.me',
)
[ info ] [ PARAM ] array (
)
[ info ] [ LANG ] E:\PHP\project\zd\thinkphp\lang\zh-cn.php
[ info ] [ LOG ] INIT File

---------------------------------------------------------------
[ 2018-01-17T00:11:04+08:00 ] 127.0.0.1 127.0.0.1 GET /home/cases/index/type/2.html
[ log ] zd.me/home/cases/index/type/2.html [运行时间：0.148263s][吞吐率：6.74req/s] [内存消耗：1,569.14kb] [文件加载：42]
[ info ] [ ROUTE ] array (
  'type' => 'module',
  'module' => 
  array (
    0 => 'home',
    1 => 'cases',
    2 => 'index',
  ),
)
[ info ] [ HEADER ] array (
  'cache-control' => 'max-age=0',
  'upgrade-insecure-requests' => '1',
  'connection' => 'close',
  'cookie' => 'think_var=zh-cn',
  'referer' => 'http://zd.me/home/cases/index.html',
  'accept-encoding' => 'gzip, deflate',
  'accept-language' => 'zh-CN,zh;q=0.8,zh-TW;q=0.7,zh-HK;q=0.5,en-US;q=0.3,en;q=0.2',
  'accept' => 'text/html,application/xhtml+xml,application/xml;q=0.9,*/*;q=0.8',
  'user-agent' => 'Mozilla/5.0 (Windows NT 10.0; Win64; x64; rv:57.0) Gecko/20100101 Firefox/57.0',
  'host' => 'zd.me',
)
[ info ] [ PARAM ] array (
  'type' => '2',
)
[ info ] [ DB ] INIT mysql
[ info ] [ RUN ] Method [ <user> public method index ] {
  @@ E:\PHP\project\zd\application\home\controller\Cases.php 20 - 41
}

[ info ] [ VIEW ] E:\PHP\project\zd\public/../application/home\view\cases\index.html [ array (
  0 => 'img1',
  1 => 'img2',
  2 => 'img3',
  3 => 'type',
  4 => 'list',
  5 => 'typeArr',
) ]
[ info ] [ LOG ] INIT File
[ sql ] [ DB ] CONNECT:[ UseTime:0.001060s ] mysql:dbname=zd;host=127.0.0.1;port=3306;charset=utf8
[ sql ] [ SQL ] SHOW COLUMNS FROM `img` [ RunTime:0.069465s ]
[ sql ] [ SQL ] SELECT * FROM `img` WHERE  `img_type` = 1 ORDER BY orderby asc   [ RunTime:0.000440s ]
[ sql ] [ SQL ] SHOW COLUMNS FROM `articles` [ RunTime:0.038160s ]
[ sql ] [ SQL ] SELECT * FROM articles a LEFT JOIN article_img i ON a.article_imgID = i.article_imgID  WHERE  a.type = '2' ORDER BY a.orderby asc  [ RunTime:0.000929s ]
[ sql ] [ SQL ] SELECT * FROM `articles` WHERE  `articlesID` < 9   [ RunTime:0.000504s ]

---------------------------------------------------------------
[ 2018-01-17T00:11:04+08:00 ] 127.0.0.1 127.0.0.1 GET /static/index/fonts/glyphicons-halflings-regular.woff2
[ log ] zd.me/static/index/fonts/glyphicons-halflings-regular.woff2 [运行时间：0.016740s][吞吐率：59.74req/s] [内存消耗：680.15kb] [文件加载：27]
[ info ] [ ROUTE ] array (
  'type' => 'module',
  'module' => 
  array (
    0 => 'static',
    1 => 'index',
    2 => 'fonts',
  ),
)
[ info ] [ HEADER ] array (
  'cache-control' => 'max-age=0',
  'connection' => 'close',
  'cookie' => 'think_var=zh-cn',
  'referer' => 'http://zd.me/static/index/css/metinfo.css',
  'accept-encoding' => 'identity',
  'accept-language' => 'zh-CN,zh;q=0.8,zh-TW;q=0.7,zh-HK;q=0.5,en-US;q=0.3,en;q=0.2',
  'accept' => 'application/font-woff2;q=1.0,application/font-woff;q=0.9,*/*;q=0.8',
  'user-agent' => 'Mozilla/5.0 (Windows NT 10.0; Win64; x64; rv:57.0) Gecko/20100101 Firefox/57.0',
  'host' => 'zd.me',
)
[ info ] [ PARAM ] array (
)
[ info ] [ LANG ] E:\PHP\project\zd\thinkphp\lang\zh-cn.php
[ info ] [ LOG ] INIT File

---------------------------------------------------------------
[ 2018-01-17T00:11:04+08:00 ] 127.0.0.1 127.0.0.1 GET /static/index/fonts/glyphicons-halflings-regular.woff
[ log ] zd.me/static/index/fonts/glyphicons-halflings-regular.woff [运行时间：0.011775s][吞吐率：84.93req/s] [内存消耗：680.15kb] [文件加载：27]
[ info ] [ ROUTE ] array (
  'type' => 'module',
  'module' => 
  array (
    0 => 'static',
    1 => 'index',
    2 => 'fonts',
  ),
)
[ info ] [ HEADER ] array (
  'cache-control' => 'max-age=0',
  'connection' => 'close',
  'cookie' => 'think_var=zh-cn',
  'referer' => 'http://zd.me/static/index/css/metinfo.css',
  'accept-encoding' => 'identity',
  'accept-language' => 'zh-CN,zh;q=0.8,zh-TW;q=0.7,zh-HK;q=0.5,en-US;q=0.3,en;q=0.2',
  'accept' => 'application/font-woff2;q=1.0,application/font-woff;q=0.9,*/*;q=0.8',
  'user-agent' => 'Mozilla/5.0 (Windows NT 10.0; Win64; x64; rv:57.0) Gecko/20100101 Firefox/57.0',
  'host' => 'zd.me',
)
[ info ] [ PARAM ] array (
)
[ info ] [ LANG ] E:\PHP\project\zd\thinkphp\lang\zh-cn.php
[ info ] [ LOG ] INIT File

---------------------------------------------------------------
[ 2018-01-17T20:37:42+08:00 ] 127.0.0.1 127.0.0.1 GET /
[ log ] zd.me/ [运行时间：0.186836s][吞吐率：5.35req/s] [内存消耗：1,469.22kb] [文件加载：40]
[ info ] [ ROUTE ] array (
  'type' => 'module',
  'module' => 
  array (
    0 => '',
    1 => NULL,
    2 => NULL,
  ),
)
[ info ] [ HEADER ] array (
  'accept-language' => 'zh-CN,zh;q=0.9',
  'accept-encoding' => 'gzip, deflate',
  'accept' => 'text/html,application/xhtml+xml,application/xml;q=0.9,image/webp,image/apng,*/*;q=0.8',
  'upgrade-insecure-requests' => '1',
  'user-agent' => 'Mozilla/5.0 (Windows NT 10.0; Win64; x64) AppleWebKit/537.36 (KHTML, like Gecko) Chrome/63.0.3239.132 Safari/537.36',
  'connection' => 'close',
  'host' => 'zd.me',
)
[ info ] [ PARAM ] array (
)
[ info ] [ DB ] INIT mysql
[ info ] [ RUN ] Method [ <user> public method index ] {
  @@ E:\PHP\project\zd\application\home\controller\Index.php 19 - 32
}

[ info ] [ VIEW ] E:\PHP\project\zd\public/../application/home\view\index\index.html [ array (
  0 => 'img1',
  1 => 'img2',
  2 => 'img3',
  3 => 'gongsi',
  4 => 'list1',
  5 => 'list2',
  6 => 'typeArr',
) ]
[ info ] [ LOG ] INIT File
[ sql ] [ DB ] CONNECT:[ UseTime:0.053469s ] mysql:dbname=zd;host=127.0.0.1;port=3306;charset=utf8
[ sql ] [ SQL ] SHOW COLUMNS FROM `img` [ RunTime:0.013146s ]
[ sql ] [ SQL ] SELECT * FROM `img` WHERE  `img_type` = 1 ORDER BY orderby asc   [ RunTime:0.001270s ]
[ sql ] [ SQL ] SHOW COLUMNS FROM `about` [ RunTime:0.011930s ]
[ sql ] [ SQL ] SELECT * FROM `about` WHERE  `aboutID` = 1 LIMIT 1    [ RunTime:0.000378s ]
[ sql ] [ SQL ] SHOW COLUMNS FROM `articles` [ RunTime:0.012010s ]
[ sql ] [ SQL ] SELECT * FROM articles a LEFT JOIN article_img i ON a.article_imgID = i.article_imgID  WHERE  a.orderby = 1  [ RunTime:0.004396s ]
[ sql ] [ SQL ] SELECT * FROM articles a LEFT JOIN article_img i ON a.article_imgID = i.article_imgID  ORDER BY a.orderby asc LIMIT 8   [ RunTime:0.000696s ]

---------------------------------------------------------------
[ 2018-01-17T20:37:44+08:00 ] 127.0.0.1 127.0.0.1 GET /static/index/fonts/glyphicons-halflings-regular.woff2
[ log ] zd.me/static/index/fonts/glyphicons-halflings-regular.woff2 [运行时间：0.023335s][吞吐率：42.85req/s] [内存消耗：680.09kb] [文件加载：27]
[ info ] [ ROUTE ] array (
  'type' => 'module',
  'module' => 
  array (
    0 => 'static',
    1 => 'index',
    2 => 'fonts',
  ),
)
[ info ] [ HEADER ] array (
  'accept-language' => 'zh-CN,zh;q=0.9',
  'accept-encoding' => 'gzip, deflate',
  'referer' => 'http://zd.me/static/index/css/metinfo.css',
  'accept' => '*/*',
  'user-agent' => 'Mozilla/5.0 (Windows NT 10.0; Win64; x64) AppleWebKit/537.36 (KHTML, like Gecko) Chrome/63.0.3239.132 Safari/537.36',
  'origin' => 'http://zd.me',
  'connection' => 'close',
  'host' => 'zd.me',
)
[ info ] [ PARAM ] array (
)
[ info ] [ LANG ] E:\PHP\project\zd\thinkphp\lang\zh-cn.php
[ info ] [ LOG ] INIT File

---------------------------------------------------------------
[ 2018-01-17T20:37:44+08:00 ] 127.0.0.1 127.0.0.1 GET /static/index/fonts/glyphicons-halflings-regular.woff
[ log ] zd.me/static/index/fonts/glyphicons-halflings-regular.woff [运行时间：0.014797s][吞吐率：67.58req/s] [内存消耗：679.95kb] [文件加载：27]
[ info ] [ ROUTE ] array (
  'type' => 'module',
  'module' => 
  array (
    0 => 'static',
    1 => 'index',
    2 => 'fonts',
  ),
)
[ info ] [ HEADER ] array (
  'cookie' => 'think_var=zh-cn',
  'accept-language' => 'zh-CN,zh;q=0.9',
  'accept-encoding' => 'gzip, deflate',
  'referer' => 'http://zd.me/static/index/css/metinfo.css',
  'accept' => '*/*',
  'user-agent' => 'Mozilla/5.0 (Windows NT 10.0; Win64; x64) AppleWebKit/537.36 (KHTML, like Gecko) Chrome/63.0.3239.132 Safari/537.36',
  'origin' => 'http://zd.me',
  'connection' => 'close',
  'host' => 'zd.me',
)
[ info ] [ PARAM ] array (
)
[ info ] [ LANG ] E:\PHP\project\zd\thinkphp\lang\zh-cn.php
[ info ] [ LOG ] INIT File

---------------------------------------------------------------
[ 2018-01-17T20:37:47+08:00 ] 127.0.0.1 127.0.0.1 GET /home/cases/index.html
[ log ] zd.me/home/cases/index.html [运行时间：0.068764s][吞吐率：14.54req/s] [内存消耗：1,441.76kb] [文件加载：40]
[ info ] [ ROUTE ] array (
  'type' => 'module',
  'module' => 
  array (
    0 => 'home',
    1 => 'cases',
    2 => 'index',
  ),
)
[ info ] [ HEADER ] array (
  'cookie' => 'think_var=zh-cn',
  'accept-language' => 'zh-CN,zh;q=0.9',
  'accept-encoding' => 'gzip, deflate',
  'referer' => 'http://zd.me/',
  'accept' => 'text/html,application/xhtml+xml,application/xml;q=0.9,image/webp,image/apng,*/*;q=0.8',
  'user-agent' => 'Mozilla/5.0 (Windows NT 10.0; Win64; x64) AppleWebKit/537.36 (KHTML, like Gecko) Chrome/63.0.3239.132 Safari/537.36',
  'upgrade-insecure-requests' => '1',
  'connection' => 'close',
  'host' => 'zd.me',
)
[ info ] [ PARAM ] array (
)
[ info ] [ DB ] INIT mysql
[ info ] [ RUN ] Method [ <user> public method index ] {
  @@ E:\PHP\project\zd\application\home\controller\Cases.php 20 - 41
}

[ info ] [ VIEW ] E:\PHP\project\zd\public/../application/home\view\cases\index.html [ array (
  0 => 'img1',
  1 => 'img2',
  2 => 'img3',
  3 => 'type',
  4 => 'list',
  5 => 'typeArr',
) ]
[ info ] [ LOG ] INIT File
[ sql ] [ DB ] CONNECT:[ UseTime:0.015861s ] mysql:dbname=zd;host=127.0.0.1;port=3306;charset=utf8
[ sql ] [ SQL ] SHOW COLUMNS FROM `img` [ RunTime:0.008496s ]
[ sql ] [ SQL ] SELECT * FROM `img` WHERE  `img_type` = 1 ORDER BY orderby asc   [ RunTime:0.000396s ]
[ sql ] [ SQL ] SHOW COLUMNS FROM `articles` [ RunTime:0.009790s ]
[ sql ] [ SQL ] SELECT * FROM articles a LEFT JOIN article_img i ON a.article_imgID = i.article_imgID  WHERE  a.type = 1 ORDER BY a.orderby asc  [ RunTime:0.000439s ]
[ sql ] [ SQL ] SELECT * FROM `articles` WHERE  `articlesID` < 9   [ RunTime:0.000406s ]

---------------------------------------------------------------
[ 2018-01-17T20:37:47+08:00 ] 127.0.0.1 127.0.0.1 GET /static/index/fonts/glyphicons-halflings-regular.woff2
[ log ] zd.me/static/index/fonts/glyphicons-halflings-regular.woff2 [运行时间：0.027856s][吞吐率：35.90req/s] [内存消耗：679.95kb] [文件加载：27]
[ info ] [ ROUTE ] array (
  'type' => 'module',
  'module' => 
  array (
    0 => 'static',
    1 => 'index',
    2 => 'fonts',
  ),
)
[ info ] [ HEADER ] array (
  'cookie' => 'think_var=zh-cn',
  'accept-language' => 'zh-CN,zh;q=0.9',
  'accept-encoding' => 'gzip, deflate',
  'referer' => 'http://zd.me/static/index/css/metinfo.css',
  'accept' => '*/*',
  'user-agent' => 'Mozilla/5.0 (Windows NT 10.0; Win64; x64) AppleWebKit/537.36 (KHTML, like Gecko) Chrome/63.0.3239.132 Safari/537.36',
  'origin' => 'http://zd.me',
  'connection' => 'close',
  'host' => 'zd.me',
)
[ info ] [ PARAM ] array (
)
[ info ] [ LANG ] E:\PHP\project\zd\thinkphp\lang\zh-cn.php
[ info ] [ LOG ] INIT File

---------------------------------------------------------------
[ 2018-01-17T20:37:48+08:00 ] 127.0.0.1 127.0.0.1 GET /static/index/fonts/glyphicons-halflings-regular.woff
[ log ] zd.me/static/index/fonts/glyphicons-halflings-regular.woff [运行时间：0.014853s][吞吐率：67.33req/s] [内存消耗：679.95kb] [文件加载：27]
[ info ] [ ROUTE ] array (
  'type' => 'module',
  'module' => 
  array (
    0 => 'static',
    1 => 'index',
    2 => 'fonts',
  ),
)
[ info ] [ HEADER ] array (
  'cookie' => 'think_var=zh-cn',
  'accept-language' => 'zh-CN,zh;q=0.9',
  'accept-encoding' => 'gzip, deflate',
  'referer' => 'http://zd.me/static/index/css/metinfo.css',
  'accept' => '*/*',
  'user-agent' => 'Mozilla/5.0 (Windows NT 10.0; Win64; x64) AppleWebKit/537.36 (KHTML, like Gecko) Chrome/63.0.3239.132 Safari/537.36',
  'origin' => 'http://zd.me',
  'connection' => 'close',
  'host' => 'zd.me',
)
[ info ] [ PARAM ] array (
)
[ info ] [ LANG ] E:\PHP\project\zd\thinkphp\lang\zh-cn.php
[ info ] [ LOG ] INIT File

---------------------------------------------------------------
[ 2018-01-17T20:37:50+08:00 ] 127.0.0.1 127.0.0.1 GET /home/cases/index/type/2.html
[ log ] zd.me/home/cases/index/type/2.html [运行时间：0.058659s][吞吐率：17.05req/s] [内存消耗：1,443.68kb] [文件加载：40]
[ info ] [ ROUTE ] array (
  'type' => 'module',
  'module' => 
  array (
    0 => 'home',
    1 => 'cases',
    2 => 'index',
  ),
)
[ info ] [ HEADER ] array (
  'cookie' => 'think_var=zh-cn',
  'accept-language' => 'zh-CN,zh;q=0.9',
  'accept-encoding' => 'gzip, deflate',
  'referer' => 'http://zd.me/home/cases/index.html',
  'accept' => 'text/html,application/xhtml+xml,application/xml;q=0.9,image/webp,image/apng,*/*;q=0.8',
  'user-agent' => 'Mozilla/5.0 (Windows NT 10.0; Win64; x64) AppleWebKit/537.36 (KHTML, like Gecko) Chrome/63.0.3239.132 Safari/537.36',
  'upgrade-insecure-requests' => '1',
  'connection' => 'close',
  'host' => 'zd.me',
)
[ info ] [ PARAM ] array (
  'type' => '2',
)
[ info ] [ DB ] INIT mysql
[ info ] [ RUN ] Method [ <user> public method index ] {
  @@ E:\PHP\project\zd\application\home\controller\Cases.php 20 - 41
}

[ info ] [ VIEW ] E:\PHP\project\zd\public/../application/home\view\cases\index.html [ array (
  0 => 'img1',
  1 => 'img2',
  2 => 'img3',
  3 => 'type',
  4 => 'list',
  5 => 'typeArr',
) ]
[ info ] [ LOG ] INIT File
[ sql ] [ DB ] CONNECT:[ UseTime:0.011067s ] mysql:dbname=zd;host=127.0.0.1;port=3306;charset=utf8
[ sql ] [ SQL ] SHOW COLUMNS FROM `img` [ RunTime:0.009782s ]
[ sql ] [ SQL ] SELECT * FROM `img` WHERE  `img_type` = 1 ORDER BY orderby asc   [ RunTime:0.000299s ]
[ sql ] [ SQL ] SHOW COLUMNS FROM `articles` [ RunTime:0.010002s ]
[ sql ] [ SQL ] SELECT * FROM articles a LEFT JOIN article_img i ON a.article_imgID = i.article_imgID  WHERE  a.type = '2' ORDER BY a.orderby asc  [ RunTime:0.000474s ]
[ sql ] [ SQL ] SELECT * FROM `articles` WHERE  `articlesID` < 9   [ RunTime:0.000326s ]

---------------------------------------------------------------
[ 2018-01-17T20:37:50+08:00 ] 127.0.0.1 127.0.0.1 GET /static/index/fonts/glyphicons-halflings-regular.woff2
[ log ] zd.me/static/index/fonts/glyphicons-halflings-regular.woff2 [运行时间：0.014920s][吞吐率：67.02req/s] [内存消耗：679.95kb] [文件加载：27]
[ info ] [ ROUTE ] array (
  'type' => 'module',
  'module' => 
  array (
    0 => 'static',
    1 => 'index',
    2 => 'fonts',
  ),
)
[ info ] [ HEADER ] array (
  'cookie' => 'think_var=zh-cn',
  'accept-language' => 'zh-CN,zh;q=0.9',
  'accept-encoding' => 'gzip, deflate',
  'referer' => 'http://zd.me/static/index/css/metinfo.css',
  'accept' => '*/*',
  'user-agent' => 'Mozilla/5.0 (Windows NT 10.0; Win64; x64) AppleWebKit/537.36 (KHTML, like Gecko) Chrome/63.0.3239.132 Safari/537.36',
  'origin' => 'http://zd.me',
  'connection' => 'close',
  'host' => 'zd.me',
)
[ info ] [ PARAM ] array (
)
[ info ] [ LANG ] E:\PHP\project\zd\thinkphp\lang\zh-cn.php
[ info ] [ LOG ] INIT File

---------------------------------------------------------------
[ 2018-01-17T20:37:50+08:00 ] 127.0.0.1 127.0.0.1 GET /static/index/fonts/glyphicons-halflings-regular.woff
[ log ] zd.me/static/index/fonts/glyphicons-halflings-regular.woff [运行时间：0.020715s][吞吐率：48.27req/s] [内存消耗：679.95kb] [文件加载：27]
[ info ] [ ROUTE ] array (
  'type' => 'module',
  'module' => 
  array (
    0 => 'static',
    1 => 'index',
    2 => 'fonts',
  ),
)
[ info ] [ HEADER ] array (
  'cookie' => 'think_var=zh-cn',
  'accept-language' => 'zh-CN,zh;q=0.9',
  'accept-encoding' => 'gzip, deflate',
  'referer' => 'http://zd.me/static/index/css/metinfo.css',
  'accept' => '*/*',
  'user-agent' => 'Mozilla/5.0 (Windows NT 10.0; Win64; x64) AppleWebKit/537.36 (KHTML, like Gecko) Chrome/63.0.3239.132 Safari/537.36',
  'origin' => 'http://zd.me',
  'connection' => 'close',
  'host' => 'zd.me',
)
[ info ] [ PARAM ] array (
)
[ info ] [ LANG ] E:\PHP\project\zd\thinkphp\lang\zh-cn.php
[ info ] [ LOG ] INIT File

---------------------------------------------------------------
[ 2018-01-17T20:37:54+08:00 ] 127.0.0.1 127.0.0.1 GET /home/cases/case_detail/articlesID/2.html
[ log ] zd.me/home/cases/case_detail/articlesID/2.html [运行时间：0.065541s][吞吐率：15.26req/s] [内存消耗：1,449.13kb] [文件加载：40]
[ info ] [ ROUTE ] array (
  'type' => 'module',
  'module' => 
  array (
    0 => 'home',
    1 => 'cases',
    2 => 'case_detail',
  ),
)
[ info ] [ HEADER ] array (
  'cookie' => 'think_var=zh-cn',
  'accept-language' => 'zh-CN,zh;q=0.9',
  'accept-encoding' => 'gzip, deflate',
  'referer' => 'http://zd.me/home/cases/index/type/2.html',
  'accept' => 'text/html,application/xhtml+xml,application/xml;q=0.9,image/webp,image/apng,*/*;q=0.8',
  'user-agent' => 'Mozilla/5.0 (Windows NT 10.0; Win64; x64) AppleWebKit/537.36 (KHTML, like Gecko) Chrome/63.0.3239.132 Safari/537.36',
  'upgrade-insecure-requests' => '1',
  'connection' => 'close',
  'host' => 'zd.me',
)
[ info ] [ PARAM ] array (
  'articlesID' => '2',
)
[ info ] [ DB ] INIT mysql
[ info ] [ RUN ] /**
     * 案例详情
     */
Method [ <user> public method case_detail ] {
  @@ E:\PHP\project\zd\application\home\controller\Cases.php 46 - 74
}

[ info ] [ VIEW ] E:\PHP\project\zd\public/../application/home\view\cases\case_detail.html [ array (
  0 => 'img1',
  1 => 'img2',
  2 => 'img3',
  3 => 'img',
  4 => 'list',
  5 => 'list1',
  6 => 'list2',
  7 => 'type',
  8 => 'typeArr',
) ]
[ info ] [ LOG ] INIT File
[ sql ] [ DB ] CONNECT:[ UseTime:0.003401s ] mysql:dbname=zd;host=127.0.0.1;port=3306;charset=utf8
[ sql ] [ SQL ] SHOW COLUMNS FROM `img` [ RunTime:0.009406s ]
[ sql ] [ SQL ] SELECT * FROM `img` WHERE  `img_type` = 1 ORDER BY orderby asc   [ RunTime:0.000414s ]
[ sql ] [ SQL ] SHOW COLUMNS FROM `articles` [ RunTime:0.010470s ]
[ sql ] [ SQL ] SELECT * FROM `articles` WHERE  `articlesID` = 2 LIMIT 1    [ RunTime:0.000373s ]
[ sql ] [ SQL ] SHOW COLUMNS FROM `article_img` [ RunTime:0.009775s ]
[ sql ] [ SQL ] SELECT * FROM `article_img` WHERE  `articlesID` = 2   [ RunTime:0.000260s ]
[ sql ] [ SQL ] SELECT * FROM `articles` WHERE  `type` = 2  AND `articlesID` < 2  AND `deleting` = 1 LIMIT 1      [ RunTime:0.000366s ]
[ sql ] [ SQL ] SELECT * FROM `articles` WHERE  `type` = 2  AND `articlesID` > 2  AND `deleting` = 1 LIMIT 1      [ RunTime:0.000444s ]
[ sql ] [ SQL ] SELECT * FROM `articles` WHERE  `articlesID` < 9   [ RunTime:0.000351s ]

---------------------------------------------------------------
[ 2018-01-17T20:37:54+08:00 ] 127.0.0.1 127.0.0.1 GET /jiathis_utility.html
[ log ] zd.me/jiathis_utility.html [运行时间：0.015831s][吞吐率：63.17req/s] [内存消耗：680.11kb] [文件加载：27]
[ info ] [ ROUTE ] array (
  'type' => 'module',
  'module' => 
  array (
    0 => 'jiathis_utility',
    1 => NULL,
    2 => NULL,
  ),
)
[ info ] [ HEADER ] array (
  'cookie' => 'think_var=zh-cn',
  'accept-language' => 'zh-CN,zh;q=0.9',
  'accept-encoding' => 'gzip, deflate',
  'referer' => 'http://zd.me/home/cases/case_detail/articlesID/2.html',
  'accept' => 'text/html,application/xhtml+xml,application/xml;q=0.9,image/webp,image/apng,*/*;q=0.8',
  'user-agent' => 'Mozilla/5.0 (Windows NT 10.0; Win64; x64) AppleWebKit/537.36 (KHTML, like Gecko) Chrome/63.0.3239.132 Safari/537.36',
  'upgrade-insecure-requests' => '1',
  'connection' => 'close',
  'host' => 'zd.me',
)
[ info ] [ PARAM ] array (
)
[ info ] [ LANG ] E:\PHP\project\zd\thinkphp\lang\zh-cn.php
[ info ] [ LOG ] INIT File

---------------------------------------------------------------
[ 2018-01-17T20:37:55+08:00 ] 127.0.0.1 127.0.0.1 GET /css/jiathis_share.css
[ log ] zd.me/css/jiathis_share.css [运行时间：0.018662s][吞吐率：53.58req/s] [内存消耗：679.67kb] [文件加载：27]
[ info ] [ ROUTE ] array (
  'type' => 'module',
  'module' => 
  array (
    0 => 'css',
    1 => 'jiathis_share.css',
    2 => NULL,
  ),
)
[ info ] [ HEADER ] array (
  'cookie' => 'think_var=zh-cn',
  'accept-language' => 'zh-CN,zh;q=0.9',
  'accept-encoding' => 'gzip, deflate',
  'referer' => 'http://zd.me/home/cases/case_detail/articlesID/2.html',
  'accept' => 'text/css,*/*;q=0.1',
  'user-agent' => 'Mozilla/5.0 (Windows NT 10.0; Win64; x64) AppleWebKit/537.36 (KHTML, like Gecko) Chrome/63.0.3239.132 Safari/537.36',
  'connection' => 'close',
  'host' => 'zd.me',
)
[ info ] [ PARAM ] array (
)
[ info ] [ LANG ] E:\PHP\project\zd\thinkphp\lang\zh-cn.php
[ info ] [ LOG ] INIT File

---------------------------------------------------------------
[ 2018-01-17T20:37:55+08:00 ] 127.0.0.1 127.0.0.1 GET /static/index/fonts/glyphicons-halflings-regular.woff2
[ log ] zd.me/static/index/fonts/glyphicons-halflings-regular.woff2 [运行时间：0.041779s][吞吐率：23.94req/s] [内存消耗：679.95kb] [文件加载：27]
[ info ] [ ROUTE ] array (
  'type' => 'module',
  'module' => 
  array (
    0 => 'static',
    1 => 'index',
    2 => 'fonts',
  ),
)
[ info ] [ HEADER ] array (
  'cookie' => 'think_var=zh-cn',
  'accept-language' => 'zh-CN,zh;q=0.9',
  'accept-encoding' => 'gzip, deflate',
  'referer' => 'http://zd.me/static/index/css/metinfo.css',
  'accept' => '*/*',
  'user-agent' => 'Mozilla/5.0 (Windows NT 10.0; Win64; x64) AppleWebKit/537.36 (KHTML, like Gecko) Chrome/63.0.3239.132 Safari/537.36',
  'origin' => 'http://zd.me',
  'connection' => 'close',
  'host' => 'zd.me',
)
[ info ] [ PARAM ] array (
)
[ info ] [ LANG ] E:\PHP\project\zd\thinkphp\lang\zh-cn.php
[ info ] [ LOG ] INIT File

---------------------------------------------------------------
[ 2018-01-17T20:37:56+08:00 ] 127.0.0.1 127.0.0.1 GET /plugin.client.js
[ log ] zd.me/plugin.client.js [运行时间：0.026851s][吞吐率：37.24req/s] [内存消耗：679.60kb] [文件加载：27]
[ info ] [ ROUTE ] array (
  'type' => 'module',
  'module' => 
  array (
    0 => 'plugin.client.js',
    1 => NULL,
    2 => NULL,
  ),
)
[ info ] [ HEADER ] array (
  'cookie' => 'think_var=zh-cn',
  'accept-language' => 'zh-CN,zh;q=0.9',
  'accept-encoding' => 'gzip, deflate',
  'referer' => 'http://zd.me/home/cases/case_detail/articlesID/2.html',
  'accept' => '*/*',
  'user-agent' => 'Mozilla/5.0 (Windows NT 10.0; Win64; x64) AppleWebKit/537.36 (KHTML, like Gecko) Chrome/63.0.3239.132 Safari/537.36',
  'connection' => 'close',
  'host' => 'zd.me',
)
[ info ] [ PARAM ] array (
)
[ info ] [ LANG ] E:\PHP\project\zd\thinkphp\lang\zh-cn.php
[ info ] [ LOG ] INIT File

---------------------------------------------------------------
[ 2018-01-17T20:37:56+08:00 ] 127.0.0.1 127.0.0.1 GET /static/index/fonts/glyphicons-halflings-regular.woff
[ log ] zd.me/static/index/fonts/glyphicons-halflings-regular.woff [运行时间：0.019974s][吞吐率：50.07req/s] [内存消耗：679.95kb] [文件加载：27]
[ info ] [ ROUTE ] array (
  'type' => 'module',
  'module' => 
  array (
    0 => 'static',
    1 => 'index',
    2 => 'fonts',
  ),
)
[ info ] [ HEADER ] array (
  'cookie' => 'think_var=zh-cn',
  'accept-language' => 'zh-CN,zh;q=0.9',
  'accept-encoding' => 'gzip, deflate',
  'referer' => 'http://zd.me/static/index/css/metinfo.css',
  'accept' => '*/*',
  'user-agent' => 'Mozilla/5.0 (Windows NT 10.0; Win64; x64) AppleWebKit/537.36 (KHTML, like Gecko) Chrome/63.0.3239.132 Safari/537.36',
  'origin' => 'http://zd.me',
  'connection' => 'close',
  'host' => 'zd.me',
)
[ info ] [ PARAM ] array (
)
[ info ] [ LANG ] E:\PHP\project\zd\thinkphp\lang\zh-cn.php
[ info ] [ LOG ] INIT File

---------------------------------------------------------------
